Pushdb log:
2013-03-19T22:39:19.142000
	jfCzMFdGfSElJsfrWT1124769600001 => vyUgDMUEMSnjOwVFfT1363765159047000
	vFNyULeHEmZYmjZhXT1124769600001 => iPqOEUlRpbXbjmkikT1363765159044000
	xCzoRSGDaQaasWBUeT1124769600001 => ZXvEpPEFKngbgxcNzT1363765159032000
	XjxrUMGoANDJggrnFT1124769600001 => ephoxYkdknYFpEFmdT1363765159040000
	bcgfChzmRKrIWqmUVT1124769600001 => dEcumDBEkzHEzbEblT1363765159027000
	G8FVL9L => G8FVL9L
	rEbIOLSQiCyspaErKT1124769600001 => IkfERFZbvQOEzErYET1363765159065000
	NGmrmqZnuQQFdZovFT1124769600001 => MiynjbqbgIQmFxbFmT1363765159070000
	qkRefMUqMXRcVKJnLT1124769600001 => FCIvLUfNydxloCAVNT1363765159036000
	NAxXQUfBWVuWbLJbsT1124769600001 => zmUFUMCAvDHgOKKfXT1363765159050000
	nRmFzPdEhZsrGQrnZT1124769600001 => vAqAEMFRMpaWrRAuHT1363765159022000
	xZdZoLEeazQSFNBKIT1124769600001 => jiGgPagsVDqYzMccDT1363765159063000
	GaEfmuhhsdBJQRyNAT1124769600001 => ARCZsPUDIKyCHfZeVT1363765159042000


Pushdb log:
2013-03-19T22:53:54.977000
Pushdb log:
2013-03-19T22:55:41.840000
	jfCzMFdGfSElJsfrWT1124769600001 => ['COMcyHwqcSbLVsXCWT1363766141750000', 'IP']
	vFNyULeHEmZYmjZhXT1124769600001 => ['eRcwaJChiDNuLHblVT1363766141748000', 'T1']
	xCzoRSGDaQaasWBUeT1124769600001 => ['kqDuSnXplFlFEzOOhT1363766141730000', 'A1']
	XjxrUMGoANDJggrnFT1124769600001 => ['OsunqHffAvXjUWbAZT1363766141739000', 'A2']
	bcgfChzmRKrIWqmUVT1124769600001 => ['SLZbRKSKEjXMgfaLOT1363766141726000', 'IP']
	G8FVL9L => ['G8FVL9L', 'F1']
	rEbIOLSQiCyspaErKT1124769600001 => ['jrKvnLwLeJlHKWuPLT1363766141767000', 'B1']
	NGmrmqZnuQQFdZovFT1124769600001 => ['egmNfhyBlssEbAuoqT1363766141772000', 'IP']
	qkRefMUqMXRcVKJnLT1124769600001 => ['LrLEzzJJFHLvrfFsuT1363766141734000', 'E1']
	NAxXQUfBWVuWbLJbsT1124769600001 => ['SMKaJGQGpMuEuveBRT1363766141752000', 'CE']
	nRmFzPdEhZsrGQrnZT1124769600001 => ['XxDNcmueroCOlyHZBT1363766141720000', 'TH']
	xZdZoLEeazQSFNBKIT1124769600001 => ['FfJjmgfMoySboGzyHT1363766141764000', 'P1']
	GaEfmuhhsdBJQRyNAT1124769600001 => ['UAcLbxDXZpGFlJkdaT1363766141743000', 'BC']


Pushdb log:
2013-03-19T23:04:08.877000
	jfCzMFdGfSElJsfrWT1124769600001 => ['RmpFgVaSKIspPdIxHT1363766648758000', 'IP']
	vFNyULeHEmZYmjZhXT1124769600001 => ['iMDwAooKHNaHuFCKxT1363766648755000', 'T1']
	xCzoRSGDaQaasWBUeT1124769600001 => ['xJlPjeraNLYFGRMjUT1363766648743000', 'A1']
	XjxrUMGoANDJggrnFT1124769600001 => ['sMwasbFkIXhyIzpnxT1363766648751000', 'A2']
	bcgfChzmRKrIWqmUVT1124769600001 => ['RVJwKxLkVGmgGhaMIT1363766648738000', 'IP']
	G8FVL9L => ['G8FVL9L', 'F1']
	rEbIOLSQiCyspaErKT1124769600001 => ['nMEmjwGSfJIuLYAbQT1363766648774000', 'B1']
	NGmrmqZnuQQFdZovFT1124769600001 => ['RmkGDdndOBwoCkYvrT1363766648779000', 'IP']
	qkRefMUqMXRcVKJnLT1124769600001 => ['PIbwmcSJFEdBFhxiHT1363766648747000', 'E1']
	NAxXQUfBWVuWbLJbsT1124769600001 => ['AjiZbpJECEWNoXbhVT1363766648760000', 'CE']
	nRmFzPdEhZsrGQrnZT1124769600001 => ['PQjCfSVbuRCzkCcEUT1363766648733000', 'TH']
	xZdZoLEeazQSFNBKIT1124769600001 => ['ugpwoqLudZxisiIQDT1363766648771000', 'P1']
	GaEfmuhhsdBJQRyNAT1124769600001 => ['jDImPgodcCMPcnlSUT1363766648753000', 'BC']


