# mapping old-id -> new-id@2013-04-01T21:17:09.622000

3TXE45N-BA-000001 -> 3TXE45N-BA-seNQWa1364883428288_1
3TXE45N-BA-000002 -> 3TXE45N-BA-glPRqN1364883428292_1
3TXE45N-BA-000003 -> 3TXE45N-BA-cxbxYH1364883428295_1
3TXE45N-BA-000004 -> 3TXE45N-BA-YZqqwF1364883428299_1
3TXE45N-BA-000005 -> 3TXE45N-BA-raIVOi1364883428303_1
3TXE45N-BA-000006 -> 3TXE45N-BA-FMzepF1364883428359_1
3TXE45N-BA-000007 -> 3TXE45N-BA-snsoCZ1364883428365_1
3TXE45N-BA-000008 -> 3TXE45N-BA-PkNUmU1364883428372_1
3TXE45N-BA-000009 -> 3TXE45N-BA-cAJBov1364883428377_1
3TXE45N-BA-000010 -> 3TXE45N-BA-vxIfIP1364883428383_1
3TXE45N-BA-000011 -> 3TXE45N-BA-cRJcKK1364883428389_1
3TXE45N-FA-000001 -> 3TXE45N-FA-JsqSfg1364883428275_1
3TXE45N-FC-070101 -> 3TXE45N-FC-VInlCF1364883428351_1
3TXE45N-IP-000001 -> 3TXE45N-IP-URUclM1364883428313_1
3TXE45N-IP-000002 -> 3TXE45N-IP-uKmNeq1364883428314_1
3TXE45N-IP-000003 -> 3TXE45N-IP-HZuIju1364883428315_1
3TXE45N-IP-000004 -> 3TXE45N-IP-rufxmn1364883428316_1
3TXE45N-IP-000005 -> 3TXE45N-IP-EFRknh1364883428318_1
3TXE45N-IP-000006 -> 3TXE45N-IP-UzLwZy1364883428320_1
3TXE45N-IP-000007 -> 3TXE45N-IP-rhAyNX1364883428321_1
3TXE45N-IT-010001 -> 3TXE45N-IT-KZrOlb1364883428322_1
3TXE45N-IT-010002 -> 3TXE45N-IT-MxiodE1364883428323_1
3TXE45N-IT-010003 -> 3TXE45N-IT-PAfyrL1364883428325_1
3TXE45N-IT-010004 -> 3TXE45N-IT-ogPsah1364883428326_1
3TXE45N-IT-010005 -> 3TXE45N-IT-nJUKNs1364883428328_1
3TXE45N-IT-020001 -> 3TXE45N-IT-lzDVlJ1364883428329_1
3TXE45N-IT-020002 -> 3TXE45N-IT-EGJWWu1364883428330_1
3TXE45N-IT-020003 -> 3TXE45N-IT-xDaIKS1364883428331_1
3TXE45N-IT-030001 -> 3TXE45N-IT-HnOjZC1364883428332_1
3TXE45N-IT-030002 -> 3TXE45N-IT-yNBaep1364883428334_1
3TXE45N-IT-030004 -> 3TXE45N-IT-ZUbwZe1364883428336_1
3TXE45N-IT-040001 -> 3TXE45N-IT-aSUYKV1364883428338_1
3TXE45N-IT-040002 -> 3TXE45N-IT-gkYObJ1364883428339_1
3TXE45N-IT-040003 -> 3TXE45N-IT-nHzZUo1364883428340_1
3TXE45N-IT-040004 -> 3TXE45N-IT-uIJxGy1364883428341_1
3TXE45N-IT-050001 -> 3TXE45N-IT-wYCiLU1364883428343_1
3TXE45N-IT-050002 -> 3TXE45N-IT-imokRB1364883428344_1
3TXE45N-IT-050003 -> 3TXE45N-IT-rUhBBW1364883428346_1
3TXE45N-IT-060001 -> 3TXE45N-IT-UrIjYM1364883428348_1
3TXE45N-IT-070001 -> 3TXE45N-IT-KWZZvG1364883428349_1
3TXE45N-PA-000001 -> 3TXE45N-PA-gyiwIm1364883428276_1
3TXE45N-PA-000002 -> 3TXE45N-PA-WVwnaJ1364883428277_1
3TXE45N-PA-000003 -> 3TXE45N-PA-HNIAeY1364883428279_1
3TXE45N-PA-000004 -> 3TXE45N-PA-dXBlmh1364883428280_1
3TXE45N-PA-000005 -> 3TXE45N-PA-DqwVUx1364883428281_1
3TXE45N-PA-000006 -> 3TXE45N-PA-FfwNUn1364883428282_1
3TXE45N-PA-000007 -> 3TXE45N-PA-AkdYKS1364883428284_1
3TXE45N-PA-000008 -> 3TXE45N-PA-doVkYM1364883428285_1
3TXE45N-PA-000009 -> 3TXE45N-PA-pKnYCu1364883428287_1
3TXE45N-PA-000010 -> 3TXE45N-PA-RexmAG1364883428352_1
3TXE45N-PA-000011 -> 3TXE45N-PA-IZefqA1364883428355_1
3TXE45N-PA-000012 -> 3TXE45N-PA-mswwZG1364883428358_1
3TXE45N-PA-000013 -> 3TXE45N-PA-uoZrWa1364883428364_1
3TXE45N-PA-000014 -> 3TXE45N-PA-Hjywop1364883428370_1
3TXE45N-PA-000015 -> 3TXE45N-PA-kHohBS1364883428376_1
3TXE45N-PA-000016 -> 3TXE45N-PA-sVERLJ1364883428381_1
3TXE45N-PA-000017 -> 3TXE45N-PA-YweHaS1364883428387_1
3TXE45N-RL-000001 -> 3TXE45N-RL-wslAIP1364883428289
3TXE45N-RL-000002 -> 3TXE45N-RL-wwvKYh1364883428291
3TXE45N-RL-000003 -> 3TXE45N-RL-sPijxI1364883428293
3TXE45N-RL-000004 -> 3TXE45N-RL-AVcWMu1364883428294
3TXE45N-RL-000005 -> 3TXE45N-RL-ZAuVuw1364883428296
3TXE45N-RL-000006 -> 3TXE45N-RL-JYHkUe1364883428298
3TXE45N-RL-000007 -> 3TXE45N-RL-rWMeap1364883428301
3TXE45N-RL-000008 -> 3TXE45N-RL-svvGkH1364883428302
3TXE45N-RL-000009 -> 3TXE45N-RL-ypwKCe1364883428305
3TXE45N-RL-000010 -> 3TXE45N-RL-jjGcuB1364883428306
3TXE45N-RL-000011 -> 3TXE45N-RL-krZXxJ1364883428308
3TXE45N-RL-000012 -> 3TXE45N-RL-hlMELn1364883428310
3TXE45N-RL-000013 -> 3TXE45N-RL-kdpjnV1364883428311
3TXE45N-RL-000014 -> 3TXE45N-RL-QbgeXO1364883428353
3TXE45N-RL-000015 -> 3TXE45N-RL-AXZykA1364883428356
3TXE45N-RL-000016 -> 3TXE45N-RL-mDrXCf1364883428360
3TXE45N-RL-000017 -> 3TXE45N-RL-QeJPhx1364883428362
3TXE45N-RL-000018 -> 3TXE45N-RL-bGpRKe1364883428366
3TXE45N-RL-000019 -> 3TXE45N-RL-eYUXxM1364883428368
3TXE45N-RL-000020 -> 3TXE45N-RL-KcKOhf1364883428373
3TXE45N-RL-000021 -> 3TXE45N-RL-ChGYnD1364883428374
3TXE45N-RL-000022 -> 3TXE45N-RL-lWkJbn1364883428379
3TXE45N-RL-000023 -> 3TXE45N-RL-SJwBbN1364883428380
3TXE45N-RL-000024 -> 3TXE45N-RL-ChFHvK1364883428384
3TXE45N-RL-000025 -> 3TXE45N-RL-DQBqQY1364883428386
3TXE45N-RL-000026 -> 3TXE45N-RL-YLuMaP1364883428390
3TXE45N-RL-000027 -> 3TXE45N-RL-qudhNC1364883428391
3TXE45N-RS-P00001 -> 3TXE45N-RS-EbOnLF1364883428393_1
3TXE45N-RS-P00002 -> 3TXE45N-RS-nGovJd1364883428415_1
3TXE45N-RS-P00003 -> 3TXE45N-RS-CbHZEs1364883428435_1
3TXE45N-RS-P00004 -> 3TXE45N-RS-QgUUdR1364883428462_1
3TXE45N-RS-P00005 -> 3TXE45N-RS-upgpqF1364883428489_1
3TXE45N-RS-P00006 -> 3TXE45N-RS-BpFroM1364883428505_1
3TXE45N-RS-P00007 -> 3TXE45N-RS-HuZVYv1364883428514_1
3TXE45N-RS-P00008 -> 3TXE45N-RS-gSVlgj1364883428520_1
3TXE45N-RS-P00009 -> 3TXE45N-RS-kdGAXd1364883428556_1
3TXE45N-RS-P00010 -> 3TXE45N-RS-RWcxCP1364883428586_1
3TXE45N-RS-P00011 -> 3TXE45N-RS-LkRyeg1364883428611_1
3TXE45N-RS-P00012 -> 3TXE45N-RS-siNJrh1364883428631_1
3TXE45N-RS-P00013 -> 3TXE45N-RS-pUefOF1364883428648_1
3TXE45N-RS-P00014 -> 3TXE45N-RS-wNCpuz1364883428667_1
3TXE45N-RS-P00015 -> 3TXE45N-RS-sPhiGu1364883428679_1
3TXE45N-RS-P00016 -> 3TXE45N-RS-lunzrQ1364883428692_1
3TXE45N-RS-P00017 -> 3TXE45N-RS-rammxn1364883428720_1
3TXE45N-RS-P00018 -> 3TXE45N-RS-MimbUW1364883428739_1
3TXE45N-RS-P00019 -> 3TXE45N-RS-UiGMnM1364883428757_1
3TXE45N-RS-P00020 -> 3TXE45N-RS-kfqhyS1364883428768_1
3TXE45N-RS-P00021 -> 3TXE45N-RS-fmKzPq1364883428782_1
3TXE45N-RS-P00022 -> 3TXE45N-RS-xvFzkU1364883428799_1
3TXE45N-RS-P00023 -> 3TXE45N-RS-pWkRrH1364883428822_1
3TXE45N-RS-P00024 -> 3TXE45N-RS-jImEcB1364883428830_1
3TXE45N-RS-P00025 -> 3TXE45N-RS-aBfRAM1364883428848_1
3TXE45N-RS-P00026 -> 3TXE45N-RS-rbiYpi1364883428857_1
3TXE45N-RS-P00027 -> 3TXE45N-RS-bQsVOF1364883428865_1
3TXE45N-RS-P00028 -> 3TXE45N-RS-seEvQu1364883428880_1
3TXE45N-RS-P00029 -> 3TXE45N-RS-ygjUgX1364883428896_1
3TXE45N-RS-P00030 -> 3TXE45N-RS-HreBYe1364883428901_1
3TXE45N-RS-P00031 -> 3TXE45N-RS-hOBcvI1364883428904_1
3TXE45N-RS-P00032 -> 3TXE45N-RS-rpGYab1364883428909_1
3TXE45N-RS-P00033 -> 3TXE45N-RS-zafQqe1364883428941_1
3TXE45N-RS-P00034 -> 3TXE45N-RS-QXqBhd1364883428955_1
3TXE45N-RS-P00035 -> 3TXE45N-RS-LnXeHe1364883428976_1
3TXE45N-RS-P00036 -> 3TXE45N-RS-vcoRok1364883428992_1
3TXE45N-RS-P00037 -> 3TXE45N-RS-dsXyus1364883429000_1
3TXE45N-RS-P00038 -> 3TXE45N-RS-HxAQqL1364883429190_1
3TXE45N-RS-P00039 -> 3TXE45N-RS-Nuddzj1364883429350_1
3TXE45N-RS-P00040 -> 3TXE45N-RS-ydLJpf1364883429630_1
3TXE45N-RS-P00041 -> 3TXE45N-RS-FHMkrk1364883429740_1
3TXE45N-RS-P00042 -> 3TXE45N-RS-WCRnJe1364883429116_1
3TXE45N-RS-P00043 -> 3TXE45N-RS-udlwIm1364883429135_1
3TXE45N-RS-P00044 -> 3TXE45N-RS-XrWECv1364883429149_1
3TXE45N-RS-P00045 -> 3TXE45N-RS-DOySvl1364883429166_1
3TXE45N-RS-P00046 -> 3TXE45N-RS-LhEYIM1364883429170_1
3TXE45N-RS-P00047 -> 3TXE45N-RS-byJCam1364883429194_1
3TXE45N-RS-P00048 -> 3TXE45N-RS-yMNWfw1364883429206_1
3TXE45N-RS-P00049 -> 3TXE45N-RS-ZbvnQo1364883429227_1
3TXE45N-RS-P00050 -> 3TXE45N-RS-lvhrhU1364883429240_1
3TXE45N-RS-P00051 -> 3TXE45N-RS-ARCdWl1364883429261_1
3TXE45N-RS-P00052 -> 3TXE45N-RS-iUYaXf1364883429278_1
3TXE45N-RS-P00053 -> 3TXE45N-RS-RnxCIO1364883429282_1
3TXE45N-RS-P00054 -> 3TXE45N-RS-Pfvhmf1364883429284_1
3TXE45N-RS-P00055 -> 3TXE45N-RS-ICpsOG1364883429302_1
3TXE45N-RS-P00056 -> 3TXE45N-RS-FKOUyi1364883429334_1
3TXE45N-RS-P00057 -> 3TXE45N-RS-MZGnDS1364883429371_1
3TXE45N-RS-P00058 -> 3TXE45N-RS-cKQFVm1364883429386_1
3TXE45N-RS-P00059 -> 3TXE45N-RS-ggRCUY1364883429417_1
3TXE45N-RS-P00060 -> 3TXE45N-RS-nnAHeW1364883429453_1
3TXE45N-RS-P00061 -> 3TXE45N-RS-iCHYDX1364883429507_1
3TXE45N-RS-P00062 -> 3TXE45N-RS-qzsZJi1364883429530_1
3TXE45N-RS-P00063 -> 3TXE45N-RS-KidgVi1364883429544_1
3TXE45N-RS-T00001 -> 3TXE45N-RS-imFloF1364883429563_1
3TXE45N-RS-T00002 -> 3TXE45N-RS-AShNDz1364883429586_1
3TXE45N-RS-T00003 -> 3TXE45N-RS-Fskvmh1364883429599_1
